<?xml version="1.0" encoding="UTF-8" ?>
<testsuite failures="0" time="0.236" errors="0" skipped="0" tests="1" name="com.clearstream.build.inlinedoc.DocumentGeneratorTest">
  <properties>
    <property name="java.runtime.name" value="Java(TM) SE Runtime Environment"/>
    <property name="sun.boot.library.path" value="C:\Program Files\Java\jdk1.6.0_20\jre\bin"/>
    <property name="java.vm.version" value="16.3-b01"/>
    <property name="java.vm.vendor" value="Sun Microsystems Inc."/>
    <property name="java.vendor.url" value="http://java.sun.com/"/>
    <property name="path.separator" value=";"/>
    <property name="java.vm.name" value="Java HotSpot(TM) 64-Bit Server VM"/>
    <property name="file.encoding.pkg" value="sun.io"/>
    <property name="user.country" value="GB"/>
    <property name="sun.java.launcher" value="SUN_STANDARD"/>
    <property name="sun.os.patch.level" value=""/>
    <property name="java.vm.specification.name" value="Java Virtual Machine Specification"/>
    <property name="user.dir" value="D:\Benutzer-Profile\Villemosg\clearstream\maven-inlinedoc-plugin"/>
    <property name="java.runtime.version" value="1.6.0_20-b02"/>
    <property name="java.awt.graphicsenv" value="sun.awt.Win32GraphicsEnvironment"/>
    <property name="basedir" value="D:\Benutzer-Profile\Villemosg\clearstream\maven-inlinedoc-plugin"/>
    <property name="java.endorsed.dirs" value="C:\Program Files\Java\jdk1.6.0_20\jre\lib\endorsed"/>
    <property name="os.arch" value="amd64"/>
    <property name="surefire.real.class.path" value="D:\BENUTZ~1\VILLEM~1\AppData\Local\Temp\surefirebooter1460798694509232978.jar"/>
    <property name="java.io.tmpdir" value="D:\BENUTZ~1\VILLEM~1\AppData\Local\Temp\"/>
    <property name="line.separator" value="
"/>
    <property name="java.vm.specification.vendor" value="Sun Microsystems Inc."/>
    <property name="user.variant" value=""/>
    <property name="os.name" value="Windows 7"/>
    <property name="sun.jnu.encoding" value="Cp1252"/>
    <property name="java.library.path" value="C:\Program Files\Java\jdk1.6.0_20\jre\bin;.;C:\Windows\Sun\Java\bin;C:\Windows\system32;C:\Windows;C:\Windows\system32;C:\Windows;C:\Windows\System32\Wbem;C:\Windows\System32\WindowsPowerShell\v1.0\;C:\Program Files\Java\jre6\bin; D:\Benutzer-Profile\Villemosg\Desktop\Development\apache-maven-2.2.1-bin\apache-maven-2.2.1\bin;C:\Program Files (x86)\OpenSSH\bin;C:\Program Files (x86)\Git\cmd;D:\Benutzer-Profile\Villemosg\Desktop\Development\apache-maven-2.2.1-bin\apache-maven-2.2.1\bin"/>
    <property name="surefire.test.class.path" value="D:\Benutzer-Profile\Villemosg\clearstream\maven-inlinedoc-plugin\target\test-classes;D:\Benutzer-Profile\Villemosg\clearstream\maven-inlinedoc-plugin\target\classes;D:\Benutzer-Profile\Villemosg\.m2\repository\org\apache\maven\maven-plugin-api\2.0\maven-plugin-api-2.0.jar;D:\Benutzer-Profile\Villemosg\.m2\repository\junit\junit\3.8.1\junit-3.8.1.jar;D:\Benutzer-Profile\Villemosg\.m2\repository\commons-httpclient\commons-httpclient\3.1\commons-httpclient-3.1.jar;D:\Benutzer-Profile\Villemosg\.m2\repository\commons-logging\commons-logging\1.0.4\commons-logging-1.0.4.jar;D:\Benutzer-Profile\Villemosg\.m2\repository\commons-codec\commons-codec\1.2\commons-codec-1.2.jar;"/>
    <property name="java.specification.name" value="Java Platform API Specification"/>
    <property name="java.class.version" value="50.0"/>
    <property name="sun.management.compiler" value="HotSpot 64-Bit Server Compiler"/>
    <property name="os.version" value="6.1"/>
    <property name="user.home" value="D:\Benutzer-Profile\Villemosg"/>
    <property name="user.timezone" value=""/>
    <property name="java.awt.printerjob" value="sun.awt.windows.WPrinterJob"/>
    <property name="java.specification.version" value="1.6"/>
    <property name="file.encoding" value="Cp1252"/>
    <property name="user.name" value="villemosg"/>
    <property name="java.class.path" value="D:\Benutzer-Profile\Villemosg\clearstream\maven-inlinedoc-plugin\target\test-classes;D:\Benutzer-Profile\Villemosg\clearstream\maven-inlinedoc-plugin\target\classes;D:\Benutzer-Profile\Villemosg\.m2\repository\org\apache\maven\maven-plugin-api\2.0\maven-plugin-api-2.0.jar;D:\Benutzer-Profile\Villemosg\.m2\repository\junit\junit\3.8.1\junit-3.8.1.jar;D:\Benutzer-Profile\Villemosg\.m2\repository\commons-httpclient\commons-httpclient\3.1\commons-httpclient-3.1.jar;D:\Benutzer-Profile\Villemosg\.m2\repository\commons-logging\commons-logging\1.0.4\commons-logging-1.0.4.jar;D:\Benutzer-Profile\Villemosg\.m2\repository\commons-codec\commons-codec\1.2\commons-codec-1.2.jar;"/>
    <property name="java.vm.specification.version" value="1.0"/>
    <property name="sun.arch.data.model" value="64"/>
    <property name="java.home" value="C:\Program Files\Java\jdk1.6.0_20\jre"/>
    <property name="java.specification.vendor" value="Sun Microsystems Inc."/>
    <property name="user.language" value="en"/>
    <property name="awt.toolkit" value="sun.awt.windows.WToolkit"/>
    <property name="java.vm.info" value="mixed mode"/>
    <property name="java.version" value="1.6.0_20"/>
    <property name="java.ext.dirs" value="C:\Program Files\Java\jdk1.6.0_20\jre\lib\ext;C:\Windows\Sun\Java\lib\ext"/>
    <property name="sun.boot.class.path" value="C:\Program Files\Java\jdk1.6.0_20\jre\lib\resources.jar;C:\Program Files\Java\jdk1.6.0_20\jre\lib\rt.jar;C:\Program Files\Java\jdk1.6.0_20\jre\lib\sunrsasign.jar;C:\Program Files\Java\jdk1.6.0_20\jre\lib\jsse.jar;C:\Program Files\Java\jdk1.6.0_20\jre\lib\jce.jar;C:\Program Files\Java\jdk1.6.0_20\jre\lib\charsets.jar;C:\Program Files\Java\jdk1.6.0_20\jre\classes"/>
    <property name="java.vendor" value="Sun Microsystems Inc."/>
    <property name="localRepository" value="D:\Benutzer-Profile\Villemosg\.m2\repository"/>
    <property name="file.separator" value="\"/>
    <property name="java.vendor.url.bug" value="http://java.sun.com/cgi-bin/bugreport.cgi"/>
    <property name="sun.cpu.endian" value="little"/>
    <property name="sun.io.unicode.encoding" value="UnicodeLittle"/>
    <property name="sun.desktop" value="windows"/>
    <property name="sun.cpu.isalist" value="amd64"/>
  </properties>
  <testcase time="0.209" classname="com.clearstream.build.inlinedoc.DocumentGeneratorTest" name="testExecute"/>
</testsuite>